  [4;36;1mSQL (0.2ms)[0m   [0;1m SELECT name
 FROM sqlite_master
 WHERE type = 'table' AND NOT name = 'sqlite_sequence'
[0m
  [4;35;1mSQL (0.1ms)[0m   [0mselect sqlite_version(*)[0m
  [4;36;1mSQL (2.7ms)[0m   [0;1mCREATE TABLE "schema_migrations" ("version" varchar(255) NOT NULL) [0m
  [4;35;1mSQL (2.0ms)[0m   [0mCREATE UNIQUE INDEX "unique_schema_migrations" ON "schema_migrations" ("version")[0m
  [4;36;1mSQL (0.4ms)[0m   [0;1m SELECT name
 FROM sqlite_master
 WHERE type = 'table' AND NOT name = 'sqlite_sequence'
[0m
  [4;35;1mSQL (0.2ms)[0m   [0mSELECT version FROM schema_migrations[0m
Migrating to CreateSongs (20091107171302)
  [4;36;1mSQL (0.6ms)[0m   [0;1mCREATE TABLE "songs" ("id" INTEGER PRIMARY KEY AUTOINCREMENT NOT NULL, "name" varchar(255) NOT NULL, "duration" integer NOT NULL, "created_at" datetime, "updated_at" datetime) [0m
  [4;35;1mSQL (0.1ms)[0m   [0mINSERT INTO schema_migrations (version) VALUES ('20091107171302')[0m
  [4;36;1mSQL (0.3ms)[0m   [0;1m SELECT name
 FROM sqlite_master
 WHERE type = 'table' AND NOT name = 'sqlite_sequence'
[0m
  [4;35;1mSQL (0.1ms)[0m   [0mSELECT version FROM schema_migrations[0m
  [4;36;1mSQL (0.2ms)[0m   [0;1m SELECT name
 FROM sqlite_master
 WHERE type = 'table' AND NOT name = 'sqlite_sequence'
[0m
  [4;35;1mSQL (0.0ms)[0m   [0mPRAGMA index_list("songs")[0m
  [4;36;1mSong Create (0.6ms)[0m   [0;1mINSERT INTO "songs" ("name", "updated_at", "duration", "created_at") VALUES('Allentown', '2009-11-07 18:54:46', 263, '2009-11-07 18:54:46')[0m
  [4;36;1mSQL (0.3ms)[0m   [0;1m SELECT name
 FROM sqlite_master
 WHERE type = 'table' AND NOT name = 'sqlite_sequence'
[0m
  [4;35;1mSQL (0.3ms)[0m   [0mselect sqlite_version(*)[0m
  [4;36;1mSQL (2.2ms)[0m   [0;1mCREATE TABLE "schema_migrations" ("version" varchar(255) NOT NULL) [0m
  [4;35;1mSQL (1.8ms)[0m   [0mCREATE UNIQUE INDEX "unique_schema_migrations" ON "schema_migrations" ("version")[0m
  [4;36;1mSQL (0.3ms)[0m   [0;1m SELECT name
 FROM sqlite_master
 WHERE type = 'table' AND NOT name = 'sqlite_sequence'
[0m
  [4;35;1mSQL (0.1ms)[0m   [0mSELECT version FROM schema_migrations[0m
Migrating to CreateSongs (20091107171302)
  [4;36;1mSQL (0.4ms)[0m   [0;1mCREATE TABLE "songs" ("id" INTEGER PRIMARY KEY AUTOINCREMENT NOT NULL, "name" varchar(255) NOT NULL, "duration" integer NOT NULL, "created_at" datetime, "updated_at" datetime) [0m
  [4;35;1mSong Create (0.1ms)[0m   [0mINSERT INTO "songs" ("name", "updated_at", "duration", "created_at") VALUES('Allentown', '2009-11-09 10:13:42', 263, '2009-11-09 10:13:42')[0m
  [4;36;1mSong Create (0.1ms)[0m   [0;1mINSERT INTO "songs" ("name", "updated_at", "duration", "created_at") VALUES('Uptown Girl', '2009-11-09 10:13:42', 189, '2009-11-09 10:13:42')[0m
  [4;35;1mSong Create (0.1ms)[0m   [0mINSERT INTO "songs" ("name", "updated_at", "duration", "created_at") VALUES('An Innocent Man', '2009-11-09 10:13:42', 369, '2009-11-09 10:13:42')[0m
  [4;36;1mSong Create (0.1ms)[0m   [0;1mINSERT INTO "songs" ("name", "updated_at", "duration", "created_at") VALUES('Angry Young Man', '2009-11-09 10:13:42', 323, '2009-11-09 10:13:42')[0m
  [4;35;1mSong Create (0.1ms)[0m   [0mINSERT INTO "songs" ("name", "updated_at", "duration", "created_at") VALUES('A Matter of Trust', '2009-11-09 10:13:42', 309, '2009-11-09 10:13:42')[0m
  [4;36;1mSong Create (0.1ms)[0m   [0;1mINSERT INTO "songs" ("name", "updated_at", "duration", "created_at") VALUES('Only the Good Die Young', '2009-11-09 10:13:42', 201, '2009-11-09 10:13:42')[0m
  [4;35;1mSong Create (0.1ms)[0m   [0mINSERT INTO "songs" ("name", "updated_at", "duration", "created_at") VALUES('Baby Grand', '2009-11-09 10:13:42', 369, '2009-11-09 10:13:42')[0m
  [4;36;1mSong Create (0.1ms)[0m   [0;1mINSERT INTO "songs" ("name", "updated_at", "duration", "created_at") VALUES('Big Shot', '2009-11-09 10:13:42', 289, '2009-11-09 10:13:42')[0m
  [4;35;1mSong Create (0.1ms)[0m   [0mINSERT INTO "songs" ("name", "updated_at", "duration", "created_at") VALUES('Honesty', '2009-11-09 10:13:42', 239, '2009-11-09 10:13:42')[0m
  [4;36;1mSong Create (0.1ms)[0m   [0;1mINSERT INTO "songs" ("name", "updated_at", "duration", "created_at") VALUES('Goodnight Saigon', '2009-11-09 10:13:42', 440, '2009-11-09 10:13:42')[0m
  [4;35;1mSQL (0.1ms)[0m   [0mINSERT INTO schema_migrations (version) VALUES ('20091107171302')[0m
  [4;36;1mSQL (0.3ms)[0m   [0;1m SELECT name
 FROM sqlite_master
 WHERE type = 'table' AND NOT name = 'sqlite_sequence'
[0m
  [4;35;1mSQL (0.2ms)[0m   [0mSELECT version FROM schema_migrations[0m
  [4;36;1mSQL (0.2ms)[0m   [0;1m SELECT name
 FROM sqlite_master
 WHERE type = 'table' AND NOT name = 'sqlite_sequence'
[0m
  [4;35;1mSQL (0.0ms)[0m   [0mPRAGMA index_list("songs")[0m
  [4;36;1mSQL (0.1ms)[0m   [0;1mSELECT count(*) AS count_all FROM "songs" [0m


Processing SongsController#index (for 127.0.0.1 at 2009-11-09 10:49:58) [GET]
Completed in 2ms (View: 0, DB: 0) | 200 OK [http://localhost/songs/]


Processing SongsController#show to html (for 127.0.0.1 at 2009-11-09 10:57:26) [GET]
  Parameters: {"id"=>"index"}

ActionController::UnknownAction (No action responded to show. Actions: index):
  

Rendering rescues/layout (not_found)


Processing SongsController#index (for 127.0.0.1 at 2009-11-09 10:57:31) [GET]
Completed in 2ms (View: 0, DB: 0) | 200 OK [http://localhost/songs/]


Processing SongsController#index (for 127.0.0.1 at 2009-11-09 10:58:38) [GET]
Completed in 2ms (View: 0, DB: 0) | 200 OK [http://localhost/songs/]


Processing SongsController#index (for 127.0.0.1 at 2009-11-09 11:08:05) [GET]

NameError (uninitialized constant SongsController::Songs):
  app/controllers/songs_controller.rb:4:in `index'

Rendered rescues/_trace (30.8ms)
Rendered rescues/_request_and_response (1.2ms)
Rendering rescues/layout (internal_server_error)


Processing SongsController#index (for 127.0.0.1 at 2009-11-09 11:08:17) [GET]
  [4;36;1mSong Load (1.1ms)[0m   [0;1mSELECT * FROM "songs" [0m
Completed in 7ms (View: 0, DB: 1) | 200 OK [http://localhost/songs/]


Processing SongsController#index (for 127.0.0.1 at 2009-11-09 11:08:26) [GET]
  [4;35;1mSong Load (1.1ms)[0m   [0mSELECT * FROM "songs" [0m
Completed in 6ms (View: 2, DB: 1) | 200 OK [http://localhost/songs/]


Processing SongsController#index (for 127.0.0.1 at 2009-11-09 11:10:40) [GET]
  [4;36;1mSong Load (1.0ms)[0m   [0;1mSELECT * FROM "songs" [0m

NameError (undefined local variable or method `song' for #<SongsController:0x21ac08c>):
  app/controllers/songs_controller.rb:5:in `index'
  app/controllers/songs_controller.rb:5:in `collect'
  app/controllers/songs_controller.rb:5:in `index'

Rendered rescues/_trace (83.3ms)
Rendered rescues/_request_and_response (0.3ms)
Rendering rescues/layout (internal_server_error)


Processing SongsController#index (for 127.0.0.1 at 2009-11-09 11:10:49) [GET]
  [4;35;1mSong Load (1.0ms)[0m   [0mSELECT * FROM "songs" [0m
Completed in 5ms (View: 0, DB: 1) | 200 OK [http://localhost/songs/]


Processing SongsController#index (for 127.0.0.1 at 2009-11-09 11:11:00) [GET]
  [4;36;1mSong Load (1.0ms)[0m   [0;1mSELECT * FROM "songs" [0m
Completed in 6ms (View: 1, DB: 1) | 200 OK [http://localhost/songs/]


Processing SongsController#index (for 127.0.0.1 at 2009-11-09 11:11:41) [GET]
  [4;35;1mSong Load (1.1ms)[0m   [0mSELECT * FROM "songs" [0m
Completed in 7ms (View: 0, DB: 1) | 200 OK [http://localhost/songs/]


Processing SongsController#index (for 127.0.0.1 at 2009-11-09 11:11:53) [GET]
  [4;36;1mSong Load (1.0ms)[0m   [0;1mSELECT * FROM "songs" [0m
Completed in 6ms (View: 0, DB: 1) | 200 OK [http://localhost/songs/]


Processing SongsController#index (for 127.0.0.1 at 2009-11-09 11:12:13) [GET]
  [4;35;1mSong Load (1.0ms)[0m   [0mSELECT * FROM "songs" [0m
Completed in 6ms (View: 0, DB: 1) | 200 OK [http://localhost/songs/]


Processing SongsController#index (for 127.0.0.1 at 2009-11-09 11:15:00) [GET]
  [4;36;1mSong Load (1.0ms)[0m   [0;1mSELECT * FROM "songs" [0m
Completed in 6ms (View: 0, DB: 1) | 200 OK [http://localhost/songs/]


Processing SongsController#index (for 127.0.0.1 at 2009-11-09 11:15:21) [GET]
  [4;35;1mSong Load (1.0ms)[0m   [0mSELECT * FROM "songs" [0m
Completed in 6ms (View: 0, DB: 1) | 200 OK [http://localhost/songs/]


Processing SongsController#index (for 127.0.0.1 at 2009-11-09 11:44:49) [GET]
  [4;36;1mSong Load (1.0ms)[0m   [0;1mSELECT * FROM "songs" [0m
Rendering songs/index
Completed in 10ms (View: 6, DB: 1) | 200 OK [http://localhost/songs/]


Processing SongsController#index (for 127.0.0.1 at 2009-11-09 12:19:54) [GET]
  [4;35;1mSong Load (1.0ms)[0m   [0mSELECT * FROM "songs" [0m
Rendering songs/index
Completed in 8ms (View: 4, DB: 1) | 200 OK [http://localhost/songs/]


Processing SongsController#index (for 127.0.0.1 at 2009-11-09 12:20:18) [GET]
  [4;36;1mSong Load (1.1ms)[0m   [0;1mSELECT * FROM "songs" [0m
Rendering songs/index
Completed in 9ms (View: 4, DB: 1) | 200 OK [http://localhost/songs/]


Processing SongsController#index (for 127.0.0.1 at 2009-11-09 12:20:29) [GET]
  [4;35;1mSong Load (1.1ms)[0m   [0mSELECT * FROM "songs" [0m
Rendering songs/index
Completed in 7ms (View: 3, DB: 1) | 200 OK [http://localhost/songs/]


Processing SongsController#show (for 127.0.0.1 at 2009-11-09 13:40:11) [GET]
  Parameters: {"id"=>"1"}
  [4;36;1mSong Load (0.2ms)[0m   [0;1mSELECT * FROM "songs" WHERE ("songs"."id" = 1) [0m
Rendering songs/show
Completed in 40ms (View: 36, DB: 0) | 200 OK [http://localhost/songs/show/1]


Processing SongsController#show (for 127.0.0.1 at 2009-11-09 13:41:13) [GET]
  Parameters: {"id"=>"1"}
  [4;35;1mSong Load (0.2ms)[0m   [0mSELECT * FROM "songs" WHERE ("songs"."id" = 1) [0m
Rendering songs/show
Completed in 8ms (View: 3, DB: 0) | 200 OK [http://localhost/songs/show/1]


Processing SongsController#show (for 127.0.0.1 at 2009-11-09 13:41:30) [GET]
  Parameters: {"id"=>"1"}
  [4;36;1mSong Load (0.2ms)[0m   [0;1mSELECT * FROM "songs" WHERE ("songs"."id" = 1) [0m
Rendering songs/show
Completed in 7ms (View: 3, DB: 0) | 200 OK [http://localhost/songs/show/1]


Processing SongsController#index (for 127.0.0.1 at 2009-11-09 14:09:23) [GET]
  [4;35;1mSong Load (1.1ms)[0m   [0mSELECT * FROM "songs" [0m
Rendering songs/index
Completed in 11ms (View: 6, DB: 1) | 200 OK [http://localhost/songs/]


Processing SongsController#index (for 127.0.0.1 at 2009-11-09 14:09:46) [GET]
  [4;36;1mSong Load (1.2ms)[0m   [0;1mSELECT * FROM "songs" [0m
Rendering songs/index
Completed in 12ms (View: 7, DB: 1) | 200 OK [http://localhost/songs/]


Processing SongsController#show (for 127.0.0.1 at 2009-11-09 14:09:49) [GET]
  Parameters: {"id"=>"3"}
  [4;35;1mSong Load (0.2ms)[0m   [0mSELECT * FROM "songs" WHERE ("songs"."id" = 3) [0m
Rendering songs/show
Completed in 9ms (View: 1, DB: 0) | 200 OK [http://localhost/songs/3]


Processing SongsController#show (for 127.0.0.1 at 2009-11-09 14:09:52) [GET]
  Parameters: {"id"=>"6"}
  [4;36;1mSong Load (0.2ms)[0m   [0;1mSELECT * FROM "songs" WHERE ("songs"."id" = 6) [0m
Rendering songs/show
Completed in 5ms (View: 1, DB: 0) | 200 OK [http://localhost/songs/6]


Processing SongsController#index (for 127.0.0.1 at 2009-11-09 14:10:06) [GET]
  [4;35;1mSong Load (1.1ms)[0m   [0mSELECT * FROM "songs" [0m
Rendering songs/index
Completed in 10ms (View: 6, DB: 1) | 200 OK [http://localhost/songs/]


Processing SongsController#show (for 127.0.0.1 at 2009-11-09 14:10:14) [GET]
  Parameters: {"id"=>"4"}
  [4;36;1mSong Load (0.2ms)[0m   [0;1mSELECT * FROM "songs" WHERE ("songs"."id" = 4) [0m
Rendering songs/show
Completed in 6ms (View: 1, DB: 0) | 200 OK [http://localhost/songs/4]


Processing SongsController#show (for 127.0.0.1 at 2009-11-09 14:18:42) [GET]
  Parameters: {"id"=>"2"}
  [4;35;1mSong Load (0.2ms)[0m   [0mSELECT * FROM "songs" WHERE ("songs"."id" = 2) [0m
Rendering songs/show
Completed in 5ms (View: 1, DB: 0) | 200 OK [http://localhost/songs/2]


Processing SongsController#index (for 127.0.0.1 at 2009-11-09 14:19:53) [GET]
  [4;36;1mSong Load (1.0ms)[0m   [0;1mSELECT * FROM "songs" [0m
Rendering songs/index
Completed in 10ms (View: 6, DB: 1) | 200 OK [http://localhost/songs]


Processing SongsController#show (for 127.0.0.1 at 2009-11-09 14:19:55) [GET]
  Parameters: {"id"=>"1"}
  [4;35;1mSong Load (0.2ms)[0m   [0mSELECT * FROM "songs" WHERE ("songs"."id" = 1) [0m
Rendering songs/show
Completed in 8ms (View: 4, DB: 0) | 200 OK [http://localhost/songs/1]


Processing SongsController#index (for 127.0.0.1 at 2009-11-09 14:19:56) [GET]
  [4;36;1mSong Load (1.1ms)[0m   [0;1mSELECT * FROM "songs" [0m
Rendering songs/index
Completed in 7ms (View: 3, DB: 1) | 200 OK [http://localhost/songs]


Processing SongsController#show (for 127.0.0.1 at 2009-11-09 14:19:58) [GET]
  Parameters: {"id"=>"7"}
  [4;35;1mSong Load (0.2ms)[0m   [0mSELECT * FROM "songs" WHERE ("songs"."id" = 7) [0m
Rendering songs/show
Completed in 6ms (View: 1, DB: 0) | 200 OK [http://localhost/songs/7]


Processing SongsController#index (for 127.0.0.1 at 2009-11-09 14:19:59) [GET]
  [4;36;1mSong Load (1.1ms)[0m   [0;1mSELECT * FROM "songs" [0m
Rendering songs/index
Completed in 7ms (View: 3, DB: 1) | 200 OK [http://localhost/songs]


Processing SongsController#show (for 127.0.0.1 at 2009-11-09 14:23:15) [GET]
  Parameters: {"id"=>"2"}
  [4;35;1mSong Load (0.2ms)[0m   [0mSELECT * FROM "songs" WHERE ("songs"."id" = 2) [0m
Rendering songs/show
Completed in 5ms (View: 1, DB: 0) | 200 OK [http://localhost/songs/2]


Processing SongsController#index (for 127.0.0.1 at 2009-11-09 14:23:16) [GET]
  [4;36;1mSong Load (1.0ms)[0m   [0;1mSELECT * FROM "songs" [0m
Rendering songs/index
Completed in 7ms (View: 3, DB: 1) | 200 OK [http://localhost/songs]


Processing SongsController#show (for 127.0.0.1 at 2009-11-09 14:23:28) [GET]
  Parameters: {"id"=>"5"}
  [4;35;1mSong Load (0.2ms)[0m   [0mSELECT * FROM "songs" WHERE ("songs"."id" = 5) [0m
Rendering songs/show
Completed in 6ms (View: 1, DB: 0) | 200 OK [http://localhost/songs/5]


Processing SongsController#index (for 127.0.0.1 at 2009-11-09 14:23:29) [GET]
  [4;36;1mSong Load (1.0ms)[0m   [0;1mSELECT * FROM "songs" [0m
Rendering songs/index
Completed in 7ms (View: 3, DB: 1) | 200 OK [http://localhost/songs]


Processing SongsController#show (for 127.0.0.1 at 2009-11-09 14:23:30) [GET]
  Parameters: {"id"=>"8"}
  [4;35;1mSong Load (0.2ms)[0m   [0mSELECT * FROM "songs" WHERE ("songs"."id" = 8) [0m
Rendering songs/show
Completed in 5ms (View: 1, DB: 0) | 200 OK [http://localhost/songs/8]


Processing SongsController#index (for 127.0.0.1 at 2009-11-09 14:23:31) [GET]
  [4;36;1mSong Load (1.0ms)[0m   [0;1mSELECT * FROM "songs" [0m
Rendering songs/index
Completed in 7ms (View: 3, DB: 1) | 200 OK [http://localhost/songs]


Processing SongsController#show (for 127.0.0.1 at 2009-11-09 14:23:32) [GET]
  Parameters: {"id"=>"9"}
  [4;35;1mSong Load (0.2ms)[0m   [0mSELECT * FROM "songs" WHERE ("songs"."id" = 9) [0m
Rendering songs/show
Completed in 6ms (View: 1, DB: 0) | 200 OK [http://localhost/songs/9]


Processing SongsController#index (for 127.0.0.1 at 2009-11-09 14:23:34) [GET]
  [4;36;1mSong Load (1.0ms)[0m   [0;1mSELECT * FROM "songs" [0m
Rendering songs/index
Completed in 7ms (View: 3, DB: 1) | 200 OK [http://localhost/songs]


Processing SongsController#show (for 127.0.0.1 at 2009-11-09 14:23:35) [GET]
  Parameters: {"id"=>"10"}
  [4;35;1mSong Load (0.2ms)[0m   [0mSELECT * FROM "songs" WHERE ("songs"."id" = 10) [0m
Rendering songs/show
Completed in 6ms (View: 1, DB: 0) | 200 OK [http://localhost/songs/10]


Processing SongsController#index (for 127.0.0.1 at 2009-11-09 14:23:36) [GET]
  [4;36;1mSong Load (1.0ms)[0m   [0;1mSELECT * FROM "songs" [0m
Rendering songs/index
Completed in 7ms (View: 3, DB: 1) | 200 OK [http://localhost/songs]


Processing SongsController#show (for 127.0.0.1 at 2009-11-09 14:23:38) [GET]
  Parameters: {"id"=>"5"}
  [4;35;1mSong Load (0.2ms)[0m   [0mSELECT * FROM "songs" WHERE ("songs"."id" = 5) [0m
Rendering songs/show
Completed in 5ms (View: 1, DB: 0) | 200 OK [http://localhost/songs/5]


Processing SongsController#index (for 127.0.0.1 at 2009-11-09 14:23:39) [GET]
  [4;36;1mSong Load (1.0ms)[0m   [0;1mSELECT * FROM "songs" [0m
Rendering songs/index
Completed in 7ms (View: 3, DB: 1) | 200 OK [http://localhost/songs]


Processing SongsController#show (for 127.0.0.1 at 2009-11-09 14:26:43) [GET]
  Parameters: {"id"=>"4"}
  [4;35;1mSong Load (0.2ms)[0m   [0mSELECT * FROM "songs" WHERE ("songs"."id" = 4) [0m
Rendering songs/show
Completed in 5ms (View: 1, DB: 0) | 200 OK [http://localhost/songs/4]


Processing SongsController#new (for 127.0.0.1 at 2009-11-09 14:53:50) [GET]
Rendering songs/new
Completed in 46ms (View: 44, DB: 0) | 200 OK [http://localhost/songs/new]


Processing SongsController#create (for 127.0.0.1 at 2009-11-09 15:03:38) [POST]
  Parameters: {"commit"=>"Add Song", "authenticity_token"=>"mx6qe9iFxwcSQxAqt50gUCBwWI2vNiq7JsBBU99De58=", "song"=>{"name"=>"foo", "duration"=>"bar"}}
Completed in 2ms (View: 1, DB: 0) | 200 OK [http://localhost/songs]


Processing SongsController#new (for 127.0.0.1 at 2009-11-09 15:44:14) [GET]
Rendering songs/new
Completed in 70ms (View: 6, DB: 0) | 200 OK [http://localhost/songs/new]


Processing SongsController#create (for 127.0.0.1 at 2009-11-09 16:03:56) [POST]
  Parameters: {"commit"=>"Add Song", "authenticity_token"=>"mx6qe9iFxwcSQxAqt50gUCBwWI2vNiq7JsBBU99De58=", "song"=>{"name"=>"The Warrior's Code", "duration"=>"150"}}
Completed in 2ms (View: 0, DB: 0) | 200 OK [http://localhost/songs]


Processing SongsController#create (for 127.0.0.1 at 2009-11-09 16:09:23) [POST]
  Parameters: {"commit"=>"Add Song", "authenticity_token"=>"mx6qe9iFxwcSQxAqt50gUCBwWI2vNiq7JsBBU99De58=", "song"=>{"name"=>"The Warrior's Code", "duration"=>"150"}}
Completed in 2ms (View: 0, DB: 0) | 200 OK [http://localhost/songs]


Processing SongsController#create (for 127.0.0.1 at 2009-11-09 16:30:37) [POST]
  Parameters: {"commit"=>"Add Song", "authenticity_token"=>"mx6qe9iFxwcSQxAqt50gUCBwWI2vNiq7JsBBU99De58=", "song"=>{"name"=>"The Warrior's Code", "duration"=>"150"}}
  [4;36;1mSong Create (0.4ms)[0m   [0;1mINSERT INTO "songs" ("name", "updated_at", "duration", "created_at") VALUES('The Warrior''s Code', '2009-11-09 16:30:37', 150, '2009-11-09 16:30:37')[0m
Redirected to http://localhost:3000/songs
Completed in 10ms (DB: 0) | 302 Found [http://localhost/songs]


Processing SongsController#index (for 127.0.0.1 at 2009-11-09 16:30:37) [GET]
  [4;35;1mSong Load (1.1ms)[0m   [0mSELECT * FROM "songs" [0m
Rendering songs/index
Completed in 7ms (View: 3, DB: 1) | 200 OK [http://localhost/songs]
  [4;36;1mSong Load (0.2ms)[0m   [0;1mSELECT * FROM "songs" WHERE ("songs"."id" = 11) [0m
  [4;35;1mSong Destroy (0.5ms)[0m   [0mDELETE FROM "songs" WHERE "id" = 11[0m


Processing SongsController#create (for 127.0.0.1 at 2009-11-09 16:39:06) [POST]
  Parameters: {"commit"=>"Add Song", "authenticity_token"=>"mx6qe9iFxwcSQxAqt50gUCBwWI2vNiq7JsBBU99De58=", "song"=>{"name"=>"The Warrior's Code", "duration"=>"150"}}
  [4;36;1mSong Create (0.3ms)[0m   [0;1mINSERT INTO "songs" ("name", "updated_at", "duration", "created_at") VALUES('The Warrior''s Code', '2009-11-09 16:39:06', 150, '2009-11-09 16:39:06')[0m
Redirected to http://localhost:3000/songs
Completed in 8ms (DB: 0) | 302 Found [http://localhost/songs]


Processing SongsController#index (for 127.0.0.1 at 2009-11-09 16:39:06) [GET]
  [4;35;1mSong Load (1.1ms)[0m   [0mSELECT * FROM "songs" [0m
Rendering songs/index
Completed in 7ms (View: 3, DB: 1) | 200 OK [http://localhost/songs]


Processing SongsController#create (for 127.0.0.1 at 2009-11-09 16:41:02) [POST]
  Parameters: {"commit"=>"Add Song", "authenticity_token"=>"mx6qe9iFxwcSQxAqt50gUCBwWI2vNiq7JsBBU99De58=", "song"=>{"name"=>"The Warrior's Code", "duration"=>""}}
Rendering songs/new
Completed in 13ms (View: 4, DB: 0) | 200 OK [http://localhost/songs]


Processing SongsController#create (for 127.0.0.1 at 2009-11-09 16:43:41) [POST]
  Parameters: {"commit"=>"Add Song", "authenticity_token"=>"mx6qe9iFxwcSQxAqt50gUCBwWI2vNiq7JsBBU99De58=", "song"=>{"name"=>"Citizen C.I.A.", "duration"=>""}}
Rendering songs/new
Completed in 11ms (View: 2, DB: 0) | 200 OK [http://localhost/songs]
